GROUP,PACKAGE,CLASS,INSTRUCTION_MISSED,INSTRUCTION_COVERED,BRANCH_MISSED,BRANCH_COVERED,LINE_MISSED,LINE_COVERED,COMPLEXITY_MISSED,COMPLEXITY_COVERED,METHOD_MISSED,METHOD_COVERED
esms,com.penguin.esms,CustomHikariConfig,0,8,0,0,0,2,0,2,0,2
esms,com.penguin.esms,EsmsApplication,5,3,0,0,2,1,1,1,1,1
esms,com.penguin.esms.dto,BaseDTO,0,3,0,0,0,1,0,1,0,1
esms,com.penguin.esms.components.warrantyProduct,WarrantyProductController,3,0,0,0,1,0,1,0,1,0
esms,com.penguin.esms.components.warrantyProduct,WarrantyProductEntity,7,31,0,0,1,6,2,9,2,9
esms,com.penguin.esms.components.warrantyProduct,WarrantyProductConfig,0,6,0,0,0,2,0,3,0,3
esms,com.penguin.esms.components.warrantyProduct,WarrantyProductService,0,15,0,0,0,1,0,1,0,1
esms,com.penguin.esms.components.category.response,FoundCategoryItem,26,0,0,0,5,0,6,0,6,0
esms,com.penguin.esms.services,AmazonS3Service,43,13,0,0,8,4,5,1,5,1
esms,com.penguin.esms.components.permission.dto,ItemPermission,120,0,12,0,11,0,18,0,12,0
esms,com.penguin.esms.components.permission.dto,PermissionRequest,31,0,0,0,6,0,9,0,9,0
esms,com.penguin.esms.components.category.request,CategoryRequest,10,0,0,0,3,0,3,0,3,0
esms,com.penguin.esms.components.warrantyBill.dto,WarrantyBillDTO,64,39,0,0,12,7,4,10,4,10
esms,com.penguin.esms.components.authentication.requests,AuthenticationRequest,0,17,0,0,0,4,0,5,0,5
esms,com.penguin.esms.components.authentication.requests,RegisterRequest,0,45,0,0,0,8,0,13,0,13
esms,com.penguin.esms.components.importProduct,ImportProductController,0,3,0,0,0,1,0,1,0,1
esms,com.penguin.esms.components.importProduct,ImportProductEntity,15,31,0,0,1,6,1,9,1,9
esms,com.penguin.esms.components.importProduct,ImportProductConfig,0,6,0,0,0,2,0,3,0,3
esms,com.penguin.esms.components.importProduct,ImportProductService,0,15,0,0,0,1,0,1,0,1
esms,com.penguin.esms.components.token,TokenType,0,9,0,0,0,2,0,1,0,1
esms,com.penguin.esms.components.token,Token.TokenBuilder,21,44,0,0,0,1,2,7,2,7
esms,com.penguin.esms.components.token,Token,240,42,46,0,6,5,37,5,14,5
esms,com.penguin.esms.envers,AuditEnverInfoController,0,3,0,0,0,1,0,1,0,1
esms,com.penguin.esms.envers,UserRevisionListener,0,31,1,5,0,11,1,5,0,3
esms,com.penguin.esms.envers,AuditEnversInfo,0,17,0,0,0,4,0,5,0,5
esms,com.penguin.esms.envers,AuditEnverInfoService,6,0,0,0,1,0,1,0,1,0
esms,com.penguin.esms.envers,AuditReaderCustom,39,0,0,0,19,0,19,0,19,0
esms,com.penguin.esms.config,SecurityConfiguration,0,137,0,0,0,19,0,5,0,5
esms,com.penguin.esms.config,WebConfig,0,61,0,0,0,5,0,2,0,2
esms,com.penguin.esms.config,ApplicationConfig,0,47,0,0,0,10,0,8,0,8
esms,com.penguin.esms.components.supplier,SupplierConfig,0,6,0,0,0,2,0,3,0,3
esms,com.penguin.esms.components.supplier,SupplierEntity,38,31,0,0,3,6,4,9,4,9
esms,com.penguin.esms.components.supplier,SupplierController,31,47,2,0,4,9,2,8,1,8
esms,com.penguin.esms.components.supplier,SupplierService,4,284,2,14,0,57,2,15,0,9
esms,com.penguin.esms.utils,File,15,0,0,0,6,0,3,0,3,0
esms,com.penguin.esms.utils,JwtProvider,1,116,2,2,0,22,2,12,0,12
esms,com.penguin.esms.utils,AwsS3Client,118,22,2,0,42,9,6,2,5,2
esms,com.penguin.esms.utils,TimeUtils,13,0,0,0,3,0,3,0,3,0
esms,com.penguin.esms.utils,Authority,39,0,2,0,8,0,4,0,3,0
esms,com.penguin.esms.auditing,ApplicationAuditAware,0,23,2,4,0,8,2,3,0,2
esms,com.penguin.esms.components.authentication.responses,AuthenticationResponse.AuthenticationResponseBuilder,8,28,0,0,0,1,1,5,1,5
esms,com.penguin.esms.components.authentication.responses,AuthenticationResponse,131,40,30,0,0,7,19,9,4,9
esms,com.penguin.esms.components.warrantyProduct.dto,WarrantyProductDTO,26,20,0,0,2,5,4,6,4,6
esms,com.penguin.esms.entity,Error,25,39,0,0,5,10,3,4,3,4
esms,com.penguin.esms.entity,BillEntity,4,0,0,0,2,0,1,0,1,0
esms,com.penguin.esms.entity,BaseEntity,0,21,0,0,0,4,0,5,0,5
esms,com.penguin.esms.entity,NoteEntity,14,6,0,0,3,2,3,2,3,2
esms,com.penguin.esms.components.authentication,AuthenticationService,1,230,4,6,1,62,4,8,0,7
esms,com.penguin.esms.components.authentication,AuthenticationController,0,30,0,0,0,6,0,5,0,5
esms,com.penguin.esms.components.product.dto,ProductDTO,100,63,0,0,13,11,7,16,7,16
esms,com.penguin.esms.components.staff.requests,NewStaffRequest,0,45,0,0,0,8,0,13,0,13
esms,com.penguin.esms.exceptionHandler,GeneralExceptionHandler,18,66,0,0,2,9,2,7,2,7
esms,com.penguin.esms.filter,JwtAuthenticationFilter,17,137,4,8,5,30,4,5,0,3
esms,com.penguin.esms.filter,CORSFilter,50,0,2,0,15,0,5,0,4,0
esms,com.penguin.esms.envers.dto,AuditEnverInfoDTO,46,0,0,0,12,0,10,0,10,0
esms,com.penguin.esms.components.permission,PermissionType,3,67,0,0,1,6,1,2,1,2
esms,com.penguin.esms.components.permission,PermissionController,0,6,0,0,0,1,0,1,0,1
esms,com.penguin.esms.components.permission,PermissionConfig,0,6,0,0,0,2,0,3,0,3
esms,com.penguin.esms.components.permission,PermissionEntity,44,3,2,0,6,1,10,1,9,1
esms,com.penguin.esms.components.permission,PermissionService,0,9,0,0,0,1,0,1,0,1
esms,com.penguin.esms.components.permission,EntityType,3,39,0,0,1,3,1,2,1,2
esms,com.penguin.esms.components.importProduct.dto,ImportProductDTO,12,24,0,0,1,5,1,7,1,7
esms,com.penguin.esms.components.customer.dto,CustomerDTO,8,42,0,0,0,12,2,10,2,10
esms,com.penguin.esms.components.saleProduct.dto,SaleProductDTO,12,24,0,0,1,5,1,7,1,7
esms,com.penguin.esms.components.staff.validators,PhoneNumberValidator,0,23,2,6,0,4,2,4,0,2
esms,com.penguin.esms.components.importBill,ImportBillEntity,31,27,0,0,11,6,3,8,3,8
esms,com.penguin.esms.components.importBill,ImportBillController,0,35,0,0,0,5,0,5,0,5
esms,com.penguin.esms.components.importBill,ImportBillService,16,429,6,14,1,98,5,12,0,7
esms,com.penguin.esms.components.importBill,ImportBillConfig,0,6,0,0,0,2,0,3,0,3
esms,com.penguin.esms.components.saleBill,SaleBillController,0,35,0,0,0,5,0,5,0,5
esms,com.penguin.esms.components.saleBill,SaleBillService,37,452,6,14,8,103,12,12,7,7
esms,com.penguin.esms.components.saleBill,SaleBillConfig,0,6,0,0,0,2,0,3,0,3
esms,com.penguin.esms.components.saleBill,SaleBillEntity,45,38,0,0,18,7,3,11,3,11
esms,com.penguin.esms.components.warrantyBill,WarrantyBillController,0,35,0,0,0,5,0,5,0,5
esms,com.penguin.esms.components.warrantyBill,WarrantyBillService,37,434,6,14,8,97,12,12,7,7
esms,com.penguin.esms.components.warrantyBill,WarrantyBillConfig,0,6,0,0,0,2,0,3,0,3
esms,com.penguin.esms.components.warrantyBill,WarrantyBillEntity,27,31,0,0,11,6,2,9,2,9
esms,com.penguin.esms.components.saleProduct,SaleProductController,0,6,0,0,0,1,0,1,0,1
esms,com.penguin.esms.components.saleProduct,SaleProductEntity,3,28,0,0,1,5,1,8,1,8
esms,com.penguin.esms.components.saleProduct,SaleProductService,0,15,0,0,0,1,0,1,0,1
esms,com.penguin.esms.components.saleProduct,SaleProductConfig,0,6,0,0,0,2,0,3,0,3
esms,com.penguin.esms.mapper,DTOtoEntityMapper,14,6,0,0,1,1,3,1,3,1
esms,com.penguin.esms.mapper,DTOtoEntityMapperImpl,243,524,85,85,75,165,80,27,2,20
esms,com.penguin.esms.components.supplier.dto,SupplierDTO,0,53,0,0,0,13,0,12,0,12
esms,com.penguin.esms.constant,SystemConstant,3,0,0,0,1,0,1,0,1,0
esms,com.penguin.esms.components.importBill.dto,ImportBillDTO,68,35,0,0,12,7,5,9,5,9
esms,com.penguin.esms.components.saleBill.dto,SaleBillDTO,58,41,0,0,14,8,4,12,4,12
esms,com.penguin.esms.components.statistic.dto,StatisticDTO,46,0,0,0,7,0,10,0,10,0
esms,com.penguin.esms.components.product,ProductController,13,52,1,1,2,10,1,8,0,8
esms,com.penguin.esms.components.product,ProductService,28,368,12,30,4,73,10,20,0,9
esms,com.penguin.esms.components.product,ProductConfig,0,6,0,0,0,2,0,3,0,3
esms,com.penguin.esms.components.product,ProductEntity,102,66,0,0,15,11,9,18,9,18
esms,com.penguin.esms.components.category,CategoryService,18,211,2,10,5,45,6,12,4,8
esms,com.penguin.esms.components.category,CategoryDTO,0,10,0,0,0,3,0,3,0,3
esms,com.penguin.esms.components.category,CategoryController,5,50,0,0,1,10,1,9,1,9
esms,com.penguin.esms.components.category,CategoryConfig,0,6,0,0,0,2,0,3,0,3
esms,com.penguin.esms.components.category,CategoryEntity,11,19,0,0,2,7,3,4,3,4
esms,com.penguin.esms.components.customer,CustomerConfig,0,6,0,0,0,2,0,3,0,3
esms,com.penguin.esms.components.customer,CustomerController,0,49,0,0,0,10,0,9,0,9
esms,com.penguin.esms.components.customer,CustomerService,0,298,1,15,0,58,1,17,0,10
esms,com.penguin.esms.components.customer,CustomerEntity,8,30,0,0,0,7,2,9,2,9
esms,com.penguin.esms.components.staff,StaffDTO,21,52,0,0,8,9,1,15,1,15
esms,com.penguin.esms.components.staff,StaffService,0,88,0,4,0,15,0,6,0,4
esms,com.penguin.esms.components.staff,Role,3,25,0,0,1,3,1,2,1,2
esms,com.penguin.esms.components.staff,StaffController,0,55,0,0,0,8,0,6,0,6
esms,com.penguin.esms.components.staff,StaffEntity,32,131,0,0,3,28,6,22,6,22
esms,com.penguin.esms.components.statistic,StatisticController,0,9,0,0,0,1,0,1,0,1
esms,com.penguin.esms.components.statistic,StatisticService,28,21,0,0,4,1,1,1,1,1
esms,com.penguin.esms.components.statistic,StatisticConfig,0,9,0,0,0,3,0,3,0,3
esms,com.penguin.esms.components.statistic,StatisticEntity,43,3,0,0,6,1,9,1,9,1
